<?xml version="1.0" encoding="UTF-8"?>
<!-- Generated by org.testng.reporters.JUnitReportReporter -->
<testsuite name="TestNGbasics.Testngbasics" tests="2" time="0.025" ignored="0" failures="0" timestamp="31 May 2020 10:54:49 GMT" skipped="0" hostname="DESKTOP-3SDAQ4G" errors="0">
  <testcase name="searhtest" time="0.008" classname="TestNGbasics.Testngbasics"/>
  <testcase name="googletitletest" time="0.017" classname="TestNGbasics.Testngbasics"/>
</testsuite> <!-- TestNGbasics.Testngbasics -->
