<?xml version="1.0" encoding="UTF-8"?>
<!-- Generated by org.testng.reporters.JUnitReportReporter -->
<testsuite name="TestNGbasics.InvocationcountTest" tests="10" time="0.052" ignored="0" failures="0" timestamp="01 Jun 2020 19:33:41 GMT" skipped="0" hostname="DESKTOP-3SDAQ4G" errors="0">
  <testcase name="sum" time="0.003" classname="TestNGbasics.InvocationcountTest"/>
  <testcase name="sum" time="0.003" classname="TestNGbasics.InvocationcountTest"/>
  <testcase name="sum" time="0.003" classname="TestNGbasics.InvocationcountTest"/>
  <testcase name="sum" time="0.003" classname="TestNGbasics.InvocationcountTest"/>
  <testcase name="sum" time="0.004" classname="TestNGbasics.InvocationcountTest"/>
  <testcase name="sum" time="0.007" classname="TestNGbasics.InvocationcountTest"/>
  <testcase name="sum" time="0.010" classname="TestNGbasics.InvocationcountTest"/>
  <testcase name="sum" time="0.003" classname="TestNGbasics.InvocationcountTest"/>
  <testcase name="sum" time="0.004" classname="TestNGbasics.InvocationcountTest"/>
  <testcase name="sum" time="0.012" classname="TestNGbasics.InvocationcountTest"/>
</testsuite> <!-- TestNGbasics.InvocationcountTest -->
