<?xml version="1.0" encoding="UTF-8"?>
<!-- Generated by org.testng.reporters.JUnitReportReporter -->
<testsuite name="TestNGbasics.TestNGFeatures" tests="3" time="0.018" ignored="0" failures="0" timestamp="01 Jun 2020 19:25:22 GMT" skipped="0" hostname="DESKTOP-3SDAQ4G" errors="0">
  <testcase name="searchpagetest" time="0.002" classname="TestNGbasics.TestNGFeatures"/>
  <testcase name="homepagetest" time="0.003" classname="TestNGbasics.TestNGFeatures"/>
  <testcase name="logintest" time="0.013" classname="TestNGbasics.TestNGFeatures"/>
</testsuite> <!-- TestNGbasics.TestNGFeatures -->
