<?xml version="1.0" encoding="UTF-8"?>
<!-- Generated by org.testng.reporters.JUnitReportReporter -->
<testsuite name="TestNGbasics.GoogleTest" tests="4" time="40.940" ignored="0" failures="0" timestamp="01 Jun 2020 19:18:16 GMT" skipped="0" hostname="DESKTOP-3SDAQ4G" errors="0">
  <testcase name="googlelogo" time="11.801" classname="TestNGbasics.GoogleTest"/>
  <testcase name="googletitletest" time="10.069" classname="TestNGbasics.GoogleTest"/>
  <testcase name="linktest" time="9.489" classname="TestNGbasics.GoogleTest"/>
  <testcase name="searchtext" time="9.581" classname="TestNGbasics.GoogleTest"/>
</testsuite> <!-- TestNGbasics.GoogleTest -->
