<?xml version="1.0" encoding="UTF-8"?>
<!-- Generated by org.testng.reporters.JUnitReportReporter -->
<testsuite name="com.test.TestNGBasics" tests="2" time="0.102" ignored="0" failures="0" timestamp="30 May 2020 16:50:23 GMT" skipped="0" hostname="DESKTOP-3SDAQ4G" errors="0">
  <testcase name="searchtest" time="0.061" classname="com.test.TestNGBasics"/>
  <testcase name="googleTitletest" time="0.041" classname="com.test.TestNGBasics"/>
</testsuite> <!-- com.test.TestNGBasics -->
